#
# There is insufficient memory for the Java Runtime Environment to continue.
# Native memory allocation (mmap) failed to map 532676608 bytes for G1 virtual space
# Possible reasons:
#   The system is out of physical RAM or swap space
#   The process is running with CompressedOops enabled, and the Java Heap may be blocking the growth of the native heap
# Possible solutions:
#   Reduce memory load on the system
#   Increase physical memory or swap space
#   Check if swap backing store is full
#   Decrease Java heap size (-Xmx/-Xms)
#   Decrease number of Java threads
#   Decrease Java thread stack sizes (-Xss)
#   Set larger code cache with -XX:ReservedCodeCacheSize=
#   JVM is running with Zero Based Compressed Oops mode in which the Java heap is
#     placed in the first 32GB address space. The Java Heap base address is the
#     maximum limit for the native heap growth. Please use -XX:HeapBaseMinAddress
#     to set the Java Heap base and to place the Java Heap above 32GB virtual address.
# This output file may be truncated or incomplete.
#
#  Out of Memory Error (os_windows.cpp:3769), pid=22224, tid=27416
#
# JRE version:  (17.0.6) (build )
# Java VM: OpenJDK 64-Bit Server VM (17.0.6+0-b2043.56-10027231, mixed mode, sharing, tiered, compressed oops, compressed class ptrs, g1 gc, windows-amd64)
# No core dump will be written. Minidumps are not enabled by default on client versions of Windows
#

---------------  S U M M A R Y ------------

Command Line: git4idea.http.GitAskPassApp Username for 'https://github.com': 

Host: 12th Gen Intel(R) Core(TM) i7-12700K, 20 cores, 31G,  Windows 11 , 64 bit Build 22621 (10.0.22621.2070)
Time: Thu Aug 31 00:06:09 2023 Eastern Daylight Time elapsed time: 0.005596 seconds (0d 0h 0m 0s)

---------------  T H R E A D  ---------------

Current thread (0x000001d297e440b0):  JavaThread "Unknown thread" [_thread_in_vm, id=27416, stack(0x000000c3d1000000,0x000000c3d1100000)]

Stack: [0x000000c3d1000000,0x000000c3d1100000]
Native frames: (J=compiled Java code, j=interpreted, Vv=VM code, C=native code)
V  [jvm.dll+0x683c9a]
V  [jvm.dll+0x8427a4]
V  [jvm.dll+0x843f9e]
V  [jvm.dll+0x844603]
V  [jvm.dll+0x249b75]
V  [jvm.dll+0x680b69]
V  [jvm.dll+0x67505a]
V  [jvm.dll+0x309acb]
V  [jvm.dll+0x310f86]
V  [jvm.dll+0x3608ee]
V  [jvm.dll+0x360b1f]
V  [jvm.dll+0x2dfbf8]
V  [jvm.dll+0x2e0b64]
V  [jvm.dll+0x814091]
V  [jvm.dll+0x36e6a1]
V  [jvm.dll+0x7f35cc]
V  [jvm.dll+0x3f0e8f]
V  [jvm.dll+0x3f29d1]
C  [jli.dll+0x526b]
C  [ucrtbase.dll+0x29363]
C  [KERNEL32.DLL+0x126ad]
C  [ntdll.dll+0x5aa68]


---------------  P R O C E S S  ---------------

Threads class SMR info:
_java_thread_list=0x00007ffdc0e1c058, length=0, elements={
}

Java Threads: ( => current thread )

Other Threads:
  0x000001d297eee9c0 GCTaskThread "GC Thread#0" [stack: 0x000000c3d1100000,0x000000c3d1200000] [id=6072]
  0x000001d2bdc54230 ConcurrentGCThread "G1 Main Marker" [stack: 0x000000c3d1200000,0x000000c3d1300000] [id=13400]
  0x000001d2bdc553e0 ConcurrentGCThread "G1 Conc#0" [stack: 0x000000c3d1300000,0x000000c3d1400000] [id=20204]

[error occurred during error reporting (printing all threads), id 0xc0000005, EXCEPTION_ACCESS_VIOLATION (0xc0000005) at pc=0x00007ffdc05d0797]

VM state: not at safepoint (not fully initialized)

VM Mutex/Monitor currently owned by a thread:  ([mutex/lock_event])
[0x000001d297e42fd0] Heap_lock - owner thread: 0x000001d297e440b0

Heap address: 0x0000000604000000, size: 8128 MB, Compressed Oops mode: Zero based, Oop shift amount: 3

CDS archive(s) mapped at: [0x0000000000000000-0x0000000000000000-0x0000000000000000), size 0, SharedBaseAddress: 0x0000000800000000, ArchiveRelocationMode: 0.
Narrow klass base: 0x0000000000000000, Narrow klass shift: 0, Narrow klass range: 0x0

GC Precious Log:
<Empty>

Heap:
 garbage-first heap   total 0K, used 0K [0x0000000604000000, 0x0000000800000000)
  region size 4096K, 0 young (0K), 0 survivors (0K)

[error occurred during error reporting (printing heap information), id 0xc0000005, EXCEPTION_ACCESS_VIOLATION (0xc0000005) at pc=0x00007ffdc09bda89]

GC Heap History (0 events):
No events

Dll operation events (1 events):
Event: 0.004 Loaded shared library C:\Program Files\Android\Android Studio\jbr\bin\java.dll

Deoptimization events (0 events):
No events

Classes unloaded (0 events):
No events

Classes redefined (0 events):
No events

Internal exceptions (0 events):
No events

VM Operations (0 events):
No events

Events (0 events):
No events


Dynamic libraries:
0x00007ff667010000 - 0x00007ff66701a000 	C:\Program Files\Android\Android Studio\jbr\bin\java.exe
0x00007ffe23830000 - 0x00007ffe23a44000 	C:\WINDOWS\SYSTEM32\ntdll.dll
0x00007ffe23600000 - 0x00007ffe236c4000 	C:\WINDOWS\System32\KERNEL32.DLL
0x00007ffe20c10000 - 0x00007ffe20fb4000 	C:\WINDOWS\System32\KERNELBASE.dll
0x00007ffe1d260000 - 0x00007ffe1d2f7000 	C:\WINDOWS\SYSTEM32\apphelp.dll
0x00007ffe20fc0000 - 0x00007ffe210d1000 	C:\WINDOWS\System32\ucrtbase.dll
0x00007ffe05270000 - 0x00007ffe0528b000 	C:\WINDOWS\SYSTEM32\VCRUNTIME140.dll
0x00007ffe066b0000 - 0x00007ffe066c7000 	C:\Program Files\Android\Android Studio\jbr\bin\jli.dll
0x00007ffe215f0000 - 0x00007ffe2179a000 	C:\WINDOWS\System32\USER32.dll
0x00007ffe214a0000 - 0x00007ffe214c6000 	C:\WINDOWS\System32\win32u.dll
0x00007ffe1fdf0000 - 0x00007ffe2007f000 	C:\WINDOWS\WinSxS\amd64_microsoft.windows.common-controls_6595b64144ccf1df_6.0.22621.2070_none_2713e6537381f706\COMCTL32.dll
0x00007ffe23210000 - 0x00007ffe23239000 	C:\WINDOWS\System32\GDI32.dll
0x00007ffe23240000 - 0x00007ffe232e7000 	C:\WINDOWS\System32\msvcrt.dll
0x00007ffe214d0000 - 0x00007ffe215e9000 	C:\WINDOWS\System32\gdi32full.dll
0x00007ffe212d0000 - 0x00007ffe2136a000 	C:\WINDOWS\System32\msvcp_win.dll
0x00007ffe234d0000 - 0x00007ffe23501000 	C:\WINDOWS\System32\IMM32.DLL
0x00007ffe1c9a0000 - 0x00007ffe1c9bb000 	C:\Program Files\Android\Android Studio\jbr\bin\vcruntime140.dll
0x00007ffe1a280000 - 0x00007ffe1a28c000 	C:\Program Files\Android\Android Studio\jbr\bin\vcruntime140_1.dll
0x00007ffdfaad0000 - 0x00007ffdfab5d000 	C:\Program Files\Android\Android Studio\jbr\bin\msvcp140.dll
0x00007ffdc02e0000 - 0x00007ffdc0f4e000 	C:\Program Files\Android\Android Studio\jbr\bin\server\jvm.dll
0x00007ffe22fc0000 - 0x00007ffe23070000 	C:\WINDOWS\System32\ADVAPI32.dll
0x00007ffe22120000 - 0x00007ffe221c6000 	C:\WINDOWS\System32\sechost.dll
0x00007ffe23080000 - 0x00007ffe23197000 	C:\WINDOWS\System32\RPCRT4.dll
0x00007ffe19490000 - 0x00007ffe194c4000 	C:\WINDOWS\SYSTEM32\WINMM.dll
0x00007ffe02530000 - 0x00007ffe02539000 	C:\WINDOWS\SYSTEM32\WSOCK32.dll
0x00007ffe19910000 - 0x00007ffe1991a000 	C:\WINDOWS\SYSTEM32\VERSION.dll
0x00007ffe22390000 - 0x00007ffe22401000 	C:\WINDOWS\System32\WS2_32.dll
0x00007ffe1f3e0000 - 0x00007ffe1f3f8000 	C:\WINDOWS\SYSTEM32\kernel.appcore.dll
0x00007ffe14eb0000 - 0x00007ffe14eba000 	C:\Program Files\Android\Android Studio\jbr\bin\jimage.dll
0x00007ffe20590000 - 0x00007ffe207be000 	C:\WINDOWS\SYSTEM32\DBGHELP.DLL
0x00007ffe22c30000 - 0x00007ffe22fba000 	C:\WINDOWS\System32\combase.dll
0x00007ffe21e20000 - 0x00007ffe21ef7000 	C:\WINDOWS\System32\OLEAUT32.dll
0x00007ffe203e0000 - 0x00007ffe20412000 	C:\WINDOWS\SYSTEM32\dbgcore.DLL
0x00007ffe210e0000 - 0x00007ffe2115a000 	C:\WINDOWS\System32\bcryptPrimitives.dll
0x00007ffe0d790000 - 0x00007ffe0d7b5000 	C:\Program Files\Android\Android Studio\jbr\bin\java.dll

dbghelp: loaded successfully - version: 4.0.5 - missing functions: none
symbol engine: initialized successfully - sym options: 0x614 - pdb path: .C:\Program Files\Android\Android Studio\jbr\binC:\WINDOWS\SYSTEM32C:\WINDOWS\WinSxS\amd64_microsoft.windows.common-controls_6595b64144ccf1df_6.0.22621.2070_none_2713e6537381f706C:\Program Files\Android\Android Studio\jbr\bin\server

VM Arguments:
java_command: git4idea.http.GitAskPassApp Username for 'https://github.com': 
java_class_path (initial): C:/Program Files/Android/Android Studio/plugins/vcs-git/lib/git4idea-rt.jarC:/Program Files/Android/Android Studio/lib/externalProcess-rt.jarC:/Program Files/Android/Android Studio/lib/app.jarC:/Program Files/Android/Android Studio/lib/3rd-party-rt.jar
Launcher Type: SUN_STANDARD

[Global flags]
     intx CICompilerCount                          = 12                                        {product} {ergonomic}
     uint ConcGCThreads                            = 4                                         {product} {ergonomic}
     uint G1ConcRefinementThreads                  = 15                                        {product} {ergonomic}
   size_t G1HeapRegionSize                         = 4194304                                   {product} {ergonomic}
    uintx GCDrainStackTargetSize                   = 64                                        {product} {ergonomic}
   size_t InitialHeapSize                          = 532676608                                 {product} {ergonomic}
   size_t MarkStackSize                            = 4194304                                   {product} {ergonomic}
   size_t MaxHeapSize                              = 8522825728                                {product} {ergonomic}
   size_t MinHeapDeltaBytes                        = 4194304                                   {product} {ergonomic}
   size_t MinHeapSize                              = 8388608                                   {product} {ergonomic}
    uintx NonNMethodCodeHeapSize                   = 7602480                                {pd product} {ergonomic}
    uintx NonProfiledCodeHeapSize                  = 122027880                              {pd product} {ergonomic}
    uintx ProfiledCodeHeapSize                     = 122027880                              {pd product} {ergonomic}
    uintx ReservedCodeCacheSize                    = 251658240                              {pd product} {ergonomic}
     bool SegmentedCodeCache                       = true                                      {product} {ergonomic}
   size_t SoftMaxHeapSize                          = 8522825728                             {manageable} {ergonomic}
     bool UseCompressedClassPointers               = true                           {product lp64_product} {ergonomic}
     bool UseCompressedOops                        = true                           {product lp64_product} {ergonomic}
     bool UseG1GC                                  = true                                      {product} {ergonomic}
     bool UseLargePagesIndividualAllocation        = false                                  {pd product} {ergonomic}

Logging:
Log output configuration:
 #0: stdout all=warning uptime,level,tags
 #1: stderr all=off uptime,level,tags

Environment Variables:
PATH=C:\Program Files\Git\mingw64\libexec\git-coreC:\Program Files\Git\mingw64\libexec\git-coreC:\Program Files\Git\mingw64\binC:\Program Files\Git\usr\binC:\Users\Billy\binC:\Program Files\Mozilla FirefoxC:\devkitPro\msys2\usr\binC:\Program Files (x86)\Common Files\Oracle\Java\javapathC:\Program Files (x86)\Razer Chroma SDK\binC:\Program Files\Razer Chroma SDK\binC:\ProgramData\Oracle\Java\javapathC:\Program Files (x86)\Intel\iCLS ClientC:\Program Files\Intel\iCLS ClientC:\WINDOWS\system32C:\WINDOWSC:\WINDOWS\System32\WbemC:\WINDOWS\System32\WindowsPowerShell\v1.0C:\Users\Billy\AppData\Local\Microsoft\WindowsAppsC:\Program Files (x86)\NVIDIA Corporation\PhysX\CommonC:\Windows\system32C:\WindowsC:\Windows\System32\WbemC:\Windows\System32\WindowsPowerShell\v1.0C:\Windows\System32\OpenSSHC:\Program Files (x86)\Wiimm\WITC:\Program Files\NVIDIA Corporation\NVIDIA NvDLISRC:\WINDOWS\SyC:\Program Files\Git\cmdC:\MinGW\binC:\Program Files\dotnetC:\Program Files\PuTTYC:\WINDOWS\system32C:\WINDOWSC:\WINDOWS\System32\WbemC:\WINDOWS\System32\WindowsPowerShell\v1.0C:\WINDOWS\System32\OpenSSHC:\Users\Billy\AppData\Local\Programs\Python\Python38-32\ScriptsC:\Users\Billy\AppData\Local\Programs\Python\Python38-32C:\Users\Billy\.cargo\binC:\Users\Billy\AppData\Local\Microsoft\WindowsAppsC:\Program Files (x86)\Wiimm\WITC:\Users\Billy\AppData\Local\Programs\Microsoft VS Code\binC:\Users\Billy\AppData\Local\GitHubDesktop\binC:\Users\Billy\.dotnet\tools
USERNAME=Billy
DISPLAY=:0.0
LC_ALL=en_US.UTF-8
TERM=cygwin
TMPDIR=C:\Users\Billy\AppData\Local\Temp
OS=Windows_NT
PROCESSOR_IDENTIFIER=Intel64 Family 6 Model 151 Stepping 2, GenuineIntel
TMP=C:\Users\Billy\AppData\Local\Temp
TEMP=C:\Users\Billy\AppData\Local\Temp


JNI global refs:

[error occurred during error reporting (JNI global references), id 0xc0000005, EXCEPTION_ACCESS_VIOLATION (0xc0000005) at pc=0x00007ffdc0397a10]


---------------  S Y S T E M  ---------------

OS:
 Windows 11 , 64 bit Build 22621 (10.0.22621.2070)
OS uptime: 5 days 8:40 hours

CPU: total 20 (initial active 20) (10 cores per cpu, 2 threads per core) family 6 model 151 stepping 2 microcode 0xd, cx8, cmov, fxsr, ht, mmx, 3dnowpref, sse, sse2, sse3, ssse3, sse4.1, sse4.2, popcnt, lzcnt, tsc, tscinvbit, avx, avx2, aes, erms, clmul, bmi1, bmi2, adx, sha, fma, vzeroupper, clflush, clflushopt, clwb

Memory: 4k page, system-wide physical 32509M (11679M free)
TotalPageFile size 32759M (AvailPageFile size 117M)
current process WorkingSet (physical memory assigned to process): 12M, peak: 12M
current process commit charge ("private bytes"): 75M, peak: 583M

vm_info: OpenJDK 64-Bit Server VM (17.0.6+0-b2043.56-10027231) for windows-amd64 JRE (17.0.6+0-b2043.56-10027231), built on Apr 28 2023 00:43:19 by "androidbuild" with MS VC++ 16.10 / 16.11 (VS2019)

END.
